<?xml version="1.0" encoding="UTF-8"?>
<!-- Generated by org.testng.reporters.JUnitReportReporter -->
<testsuite hostname="PunithaLaptop" failures="0" tests="2" name="Mydemo.SelinumFramewoek.ErrorValidations" time="16.921" errors="0" timestamp="2024-05-22T23:26:06 CDT" skipped="0">
  <testcase classname="Mydemo.SelinumFramewoek.ErrorValidations" name="LoginErrorValidation" time="7.993"/>
  <testcase classname="Mydemo.SelinumFramewoek.ErrorValidations" name="ProductErrorValidation" time="8.928"/>
</testsuite> <!-- Mydemo.SelinumFramewoek.ErrorValidations -->
