<?xml version="1.0" encoding="UTF-8"?>
<!-- Generated by org.testng.reporters.JUnitReportReporter -->
<testsuite hostname="PunithaLaptop" failures="0" tests="3" name="Mydemo.SelinumFramewoek.SubmitOrderTest" time="29.186" errors="0" timestamp="2024-05-22T23:26:06 CDT" skipped="0">
  <testcase classname="Mydemo.SelinumFramewoek.SubmitOrderTest" name="submitOrder" time="11.082"/>
  <testcase classname="Mydemo.SelinumFramewoek.SubmitOrderTest" name="OrderHistoryTest" time="8.239"/>
  <testcase classname="Mydemo.SelinumFramewoek.SubmitOrderTest" name="submitOrder" time="9.865"/>
</testsuite> <!-- Mydemo.SelinumFramewoek.SubmitOrderTest -->
