<?xml version="1.0" encoding="UTF-8"?>
<!-- Generated by org.testng.reporters.JUnitReportReporter -->
<testsuite hostname="PunithaLaptop" failures="0" tests="3" name="Mydemo.SelinumFramewoek.SubmitOrderTest" time="26.214" errors="0" timestamp="2024-05-25T18:29:53 CDT" skipped="0">
  <testcase classname="Mydemo.SelinumFramewoek.SubmitOrderTest" name="submitOrder" time="10.463"/>
  <testcase classname="Mydemo.SelinumFramewoek.SubmitOrderTest" name="OrderHistoryTest" time="6.234"/>
  <testcase classname="Mydemo.SelinumFramewoek.SubmitOrderTest" name="submitOrder" time="9.517"/>
</testsuite> <!-- Mydemo.SelinumFramewoek.SubmitOrderTest -->
