<?xml version="1.0" encoding="UTF-8"?>
<!-- Generated by org.testng.reporters.JUnitReportReporter -->
<testsuite hostname="PunithaLaptop" failures="0" tests="2" name="Mydemo.SelinumFramewoek.ErrorValidations" time="16.372" errors="0" timestamp="2024-05-25T18:29:53 CDT" skipped="0">
  <testcase classname="Mydemo.SelinumFramewoek.ErrorValidations" name="LoginErrorValidation" time="6.518"/>
  <testcase classname="Mydemo.SelinumFramewoek.ErrorValidations" name="ProductErrorValidation" time="9.854"/>
</testsuite> <!-- Mydemo.SelinumFramewoek.ErrorValidations -->
